2022-06-05 23:34:01,942 [INFO]  
========== start: fit model
2022-06-05 23:34:01,942 [INFO]  
========== start: fit model
2022-06-05 23:34:01,942 [INFO]  
========== start: fit model
2022-06-05 23:34:01,965 [WARNING]  Already bound, ignoring bind()
2022-06-05 23:34:01,965 [WARNING]  Already bound, ignoring bind()
2022-06-05 23:34:01,965 [WARNING]  Already bound, ignoring bind()
2022-06-05 23:34:20,877 [INFO]  Epoch[0] Batch [0-30870]	Speed: 26507.87 samples/sec	cross-entropy=16.003459	age-accuracy=0.185158
2022-06-05 23:34:20,877 [INFO]  Epoch[0] Batch [0-30870]	Speed: 26507.87 samples/sec	cross-entropy=16.003459	age-accuracy=0.185158
2022-06-05 23:34:20,877 [INFO]  Epoch[0] Batch [0-30870]	Speed: 26507.87 samples/sec	cross-entropy=16.003459	age-accuracy=0.185158
2022-06-05 23:34:37,809 [INFO]  Epoch[0] Train-cross-entropy=16.000980
2022-06-05 23:34:37,809 [INFO]  Epoch[0] Train-cross-entropy=16.000980
2022-06-05 23:34:37,809 [INFO]  Epoch[0] Train-cross-entropy=16.000980
2022-06-05 23:34:37,810 [INFO]  Epoch[0] Train-age-accuracy=0.185947
2022-06-05 23:34:37,810 [INFO]  Epoch[0] Train-age-accuracy=0.185947
2022-06-05 23:34:37,810 [INFO]  Epoch[0] Train-age-accuracy=0.185947
2022-06-05 23:34:37,811 [INFO]  Epoch[0] Time cost=35.791
2022-06-05 23:34:37,811 [INFO]  Epoch[0] Time cost=35.791
2022-06-05 23:34:37,811 [INFO]  Epoch[0] Time cost=35.791
2022-06-05 23:34:37,820 [INFO]  Saved checkpoint to "imputer_model/model-0000.params"
2022-06-05 23:34:37,820 [INFO]  Saved checkpoint to "imputer_model/model-0000.params"
2022-06-05 23:34:37,820 [INFO]  Saved checkpoint to "imputer_model/model-0000.params"
2022-06-05 23:34:39,766 [INFO]  Epoch[0] Validation-cross-entropy=16.358176
2022-06-05 23:34:39,766 [INFO]  Epoch[0] Validation-cross-entropy=16.358176
2022-06-05 23:34:39,766 [INFO]  Epoch[0] Validation-cross-entropy=16.358176
2022-06-05 23:34:39,768 [INFO]  Epoch[0] Validation-age-accuracy=0.000000
2022-06-05 23:34:39,768 [INFO]  Epoch[0] Validation-age-accuracy=0.000000
2022-06-05 23:34:39,768 [INFO]  Epoch[0] Validation-age-accuracy=0.000000
2022-06-05 23:34:56,680 [INFO]  Epoch[1] Batch [0-30870]	Speed: 29209.37 samples/sec	cross-entropy=15.981681	age-accuracy=0.185158
2022-06-05 23:34:56,680 [INFO]  Epoch[1] Batch [0-30870]	Speed: 29209.37 samples/sec	cross-entropy=15.981681	age-accuracy=0.185158
2022-06-05 23:34:56,680 [INFO]  Epoch[1] Batch [0-30870]	Speed: 29209.37 samples/sec	cross-entropy=15.981681	age-accuracy=0.185158
2022-06-05 23:35:13,831 [INFO]  Epoch[1] Train-cross-entropy=16.001635
2022-06-05 23:35:13,831 [INFO]  Epoch[1] Train-cross-entropy=16.001635
2022-06-05 23:35:13,831 [INFO]  Epoch[1] Train-cross-entropy=16.001635
2022-06-05 23:35:13,833 [INFO]  Epoch[1] Train-age-accuracy=0.185947
2022-06-05 23:35:13,833 [INFO]  Epoch[1] Train-age-accuracy=0.185947
2022-06-05 23:35:13,833 [INFO]  Epoch[1] Train-age-accuracy=0.185947
2022-06-05 23:35:13,833 [INFO]  Epoch[1] Time cost=34.064
2022-06-05 23:35:13,833 [INFO]  Epoch[1] Time cost=34.064
2022-06-05 23:35:13,833 [INFO]  Epoch[1] Time cost=34.064
2022-06-05 23:35:13,837 [INFO]  Saved checkpoint to "imputer_model/model-0001.params"
2022-06-05 23:35:13,837 [INFO]  Saved checkpoint to "imputer_model/model-0001.params"
2022-06-05 23:35:13,837 [INFO]  Saved checkpoint to "imputer_model/model-0001.params"
2022-06-05 23:35:15,771 [INFO]  Epoch[1] Validation-cross-entropy=16.358197
2022-06-05 23:35:15,771 [INFO]  Epoch[1] Validation-cross-entropy=16.358197
2022-06-05 23:35:15,771 [INFO]  Epoch[1] Validation-cross-entropy=16.358197
2022-06-05 23:35:15,772 [INFO]  Epoch[1] Validation-age-accuracy=0.000000
2022-06-05 23:35:15,772 [INFO]  Epoch[1] Validation-age-accuracy=0.000000
2022-06-05 23:35:15,772 [INFO]  Epoch[1] Validation-age-accuracy=0.000000
2022-06-05 23:35:32,848 [INFO]  Epoch[2] Batch [0-30870]	Speed: 28927.83 samples/sec	cross-entropy=15.981682	age-accuracy=0.185158
2022-06-05 23:35:32,848 [INFO]  Epoch[2] Batch [0-30870]	Speed: 28927.83 samples/sec	cross-entropy=15.981682	age-accuracy=0.185158
2022-06-05 23:35:32,848 [INFO]  Epoch[2] Batch [0-30870]	Speed: 28927.83 samples/sec	cross-entropy=15.981682	age-accuracy=0.185158
2022-06-05 23:35:49,828 [INFO]  Epoch[2] Train-cross-entropy=16.001635
2022-06-05 23:35:49,828 [INFO]  Epoch[2] Train-cross-entropy=16.001635
2022-06-05 23:35:49,828 [INFO]  Epoch[2] Train-cross-entropy=16.001635
2022-06-05 23:35:49,831 [INFO]  Epoch[2] Train-age-accuracy=0.185947
2022-06-05 23:35:49,831 [INFO]  Epoch[2] Train-age-accuracy=0.185947
2022-06-05 23:35:49,831 [INFO]  Epoch[2] Train-age-accuracy=0.185947
2022-06-05 23:35:49,832 [INFO]  Epoch[2] Time cost=34.059
2022-06-05 23:35:49,832 [INFO]  Epoch[2] Time cost=34.059
2022-06-05 23:35:49,832 [INFO]  Epoch[2] Time cost=34.059
2022-06-05 23:35:49,836 [INFO]  Saved checkpoint to "imputer_model/model-0002.params"
2022-06-05 23:35:49,836 [INFO]  Saved checkpoint to "imputer_model/model-0002.params"
2022-06-05 23:35:49,836 [INFO]  Saved checkpoint to "imputer_model/model-0002.params"
2022-06-05 23:35:51,744 [INFO]  Epoch[2] Validation-cross-entropy=16.358197
2022-06-05 23:35:51,744 [INFO]  Epoch[2] Validation-cross-entropy=16.358197
2022-06-05 23:35:51,744 [INFO]  Epoch[2] Validation-cross-entropy=16.358197
2022-06-05 23:35:51,745 [INFO]  Epoch[2] Validation-age-accuracy=0.000000
2022-06-05 23:35:51,745 [INFO]  Epoch[2] Validation-age-accuracy=0.000000
2022-06-05 23:35:51,745 [INFO]  Epoch[2] Validation-age-accuracy=0.000000
2022-06-05 23:36:08,626 [INFO]  Epoch[3] Batch [0-30870]	Speed: 29261.36 samples/sec	cross-entropy=15.981682	age-accuracy=0.185158
2022-06-05 23:36:08,626 [INFO]  Epoch[3] Batch [0-30870]	Speed: 29261.36 samples/sec	cross-entropy=15.981682	age-accuracy=0.185158
2022-06-05 23:36:08,626 [INFO]  Epoch[3] Batch [0-30870]	Speed: 29261.36 samples/sec	cross-entropy=15.981682	age-accuracy=0.185158
2022-06-05 23:36:25,359 [INFO]  Epoch[3] Train-cross-entropy=16.001635
2022-06-05 23:36:25,359 [INFO]  Epoch[3] Train-cross-entropy=16.001635
2022-06-05 23:36:25,359 [INFO]  Epoch[3] Train-cross-entropy=16.001635
2022-06-05 23:36:25,361 [INFO]  Epoch[3] Train-age-accuracy=0.185947
2022-06-05 23:36:25,361 [INFO]  Epoch[3] Train-age-accuracy=0.185947
2022-06-05 23:36:25,361 [INFO]  Epoch[3] Train-age-accuracy=0.185947
2022-06-05 23:36:25,362 [INFO]  Epoch[3] Time cost=33.616
2022-06-05 23:36:25,362 [INFO]  Epoch[3] Time cost=33.616
2022-06-05 23:36:25,362 [INFO]  Epoch[3] Time cost=33.616
2022-06-05 23:36:25,366 [INFO]  Saved checkpoint to "imputer_model/model-0003.params"
2022-06-05 23:36:25,366 [INFO]  Saved checkpoint to "imputer_model/model-0003.params"
2022-06-05 23:36:25,366 [INFO]  Saved checkpoint to "imputer_model/model-0003.params"
2022-06-05 23:36:27,390 [INFO]  Epoch[3] Validation-cross-entropy=16.358197
2022-06-05 23:36:27,390 [INFO]  Epoch[3] Validation-cross-entropy=16.358197
2022-06-05 23:36:27,390 [INFO]  Epoch[3] Validation-cross-entropy=16.358197
2022-06-05 23:36:27,391 [INFO]  Epoch[3] Validation-age-accuracy=0.000000
2022-06-05 23:36:27,391 [INFO]  Epoch[3] Validation-age-accuracy=0.000000
2022-06-05 23:36:27,391 [INFO]  Epoch[3] Validation-age-accuracy=0.000000
2022-06-05 23:36:46,275 [INFO]  Epoch[4] Batch [0-30870]	Speed: 26157.50 samples/sec	cross-entropy=15.981682	age-accuracy=0.185158
2022-06-05 23:36:46,275 [INFO]  Epoch[4] Batch [0-30870]	Speed: 26157.50 samples/sec	cross-entropy=15.981682	age-accuracy=0.185158
2022-06-05 23:36:46,275 [INFO]  Epoch[4] Batch [0-30870]	Speed: 26157.50 samples/sec	cross-entropy=15.981682	age-accuracy=0.185158
2022-06-05 23:37:03,702 [INFO]  Epoch[4] Train-cross-entropy=16.001635
2022-06-05 23:37:03,702 [INFO]  Epoch[4] Train-cross-entropy=16.001635
2022-06-05 23:37:03,702 [INFO]  Epoch[4] Train-cross-entropy=16.001635
2022-06-05 23:37:03,705 [INFO]  Epoch[4] Train-age-accuracy=0.185947
2022-06-05 23:37:03,705 [INFO]  Epoch[4] Train-age-accuracy=0.185947
2022-06-05 23:37:03,705 [INFO]  Epoch[4] Train-age-accuracy=0.185947
2022-06-05 23:37:03,706 [INFO]  Epoch[4] Time cost=36.315
2022-06-05 23:37:03,706 [INFO]  Epoch[4] Time cost=36.315
2022-06-05 23:37:03,706 [INFO]  Epoch[4] Time cost=36.315
2022-06-05 23:37:03,710 [INFO]  Saved checkpoint to "imputer_model/model-0004.params"
2022-06-05 23:37:03,710 [INFO]  Saved checkpoint to "imputer_model/model-0004.params"
2022-06-05 23:37:03,710 [INFO]  Saved checkpoint to "imputer_model/model-0004.params"
2022-06-05 23:37:05,813 [INFO]  Epoch[4] Validation-cross-entropy=16.358197
2022-06-05 23:37:05,813 [INFO]  Epoch[4] Validation-cross-entropy=16.358197
2022-06-05 23:37:05,813 [INFO]  Epoch[4] Validation-cross-entropy=16.358197
2022-06-05 23:37:05,814 [INFO]  Epoch[4] Validation-age-accuracy=0.000000
2022-06-05 23:37:05,814 [INFO]  Epoch[4] Validation-age-accuracy=0.000000
2022-06-05 23:37:05,814 [INFO]  Epoch[4] Validation-age-accuracy=0.000000
2022-06-05 23:37:22,700 [INFO]  Epoch[5] Batch [0-30870]	Speed: 29256.11 samples/sec	cross-entropy=15.981682	age-accuracy=0.185158
2022-06-05 23:37:22,700 [INFO]  Epoch[5] Batch [0-30870]	Speed: 29256.11 samples/sec	cross-entropy=15.981682	age-accuracy=0.185158
2022-06-05 23:37:22,700 [INFO]  Epoch[5] Batch [0-30870]	Speed: 29256.11 samples/sec	cross-entropy=15.981682	age-accuracy=0.185158
2022-06-05 23:37:39,424 [INFO]  Epoch[5] Train-cross-entropy=16.001635
2022-06-05 23:37:39,424 [INFO]  Epoch[5] Train-cross-entropy=16.001635
2022-06-05 23:37:39,424 [INFO]  Epoch[5] Train-cross-entropy=16.001635
2022-06-05 23:37:39,426 [INFO]  Epoch[5] Train-age-accuracy=0.185947
2022-06-05 23:37:39,426 [INFO]  Epoch[5] Train-age-accuracy=0.185947
2022-06-05 23:37:39,426 [INFO]  Epoch[5] Train-age-accuracy=0.185947
2022-06-05 23:37:39,427 [INFO]  Epoch[5] Time cost=33.612
2022-06-05 23:37:39,427 [INFO]  Epoch[5] Time cost=33.612
2022-06-05 23:37:39,427 [INFO]  Epoch[5] Time cost=33.612
2022-06-05 23:37:39,431 [INFO]  Saved checkpoint to "imputer_model/model-0005.params"
2022-06-05 23:37:39,431 [INFO]  Saved checkpoint to "imputer_model/model-0005.params"
2022-06-05 23:37:39,431 [INFO]  Saved checkpoint to "imputer_model/model-0005.params"
2022-06-05 23:37:41,299 [INFO]  No improvement detected for 5 epochs compared to 16.358176357713425 last error obtained: 16.358196599805904, stopping here
2022-06-05 23:37:41,299 [INFO]  No improvement detected for 5 epochs compared to 16.358176357713425 last error obtained: 16.358196599805904, stopping here
2022-06-05 23:37:41,299 [INFO]  No improvement detected for 5 epochs compared to 16.358176357713425 last error obtained: 16.358196599805904, stopping here
2022-06-05 23:37:41,300 [INFO]  
========== done (219.36111402511597 s) fit model
2022-06-05 23:37:41,300 [INFO]  
========== done (219.36111402511597 s) fit model
2022-06-05 23:37:41,300 [INFO]  
========== done (219.36111402511597 s) fit model
2022-06-06 11:54:00,023 [INFO]  
========== start: fit model
2022-06-06 11:54:00,025 [WARNING]  Already bound, ignoring bind()
2022-06-06 11:54:14,903 [INFO]  Epoch[0] Batch [0-30870]	Speed: 33383.01 samples/sec	cross-entropy=16.003459	age-accuracy=0.185158
2022-06-06 11:54:29,727 [INFO]  Epoch[0] Train-cross-entropy=16.000980
2022-06-06 11:54:29,728 [INFO]  Epoch[0] Train-age-accuracy=0.185947
2022-06-06 11:54:29,729 [INFO]  Epoch[0] Time cost=29.699
2022-06-06 11:54:29,734 [INFO]  Saved checkpoint to "imputer_model/model-0000.params"
2022-06-06 11:54:31,460 [INFO]  Epoch[0] Validation-cross-entropy=16.358176
2022-06-06 11:54:31,461 [INFO]  Epoch[0] Validation-age-accuracy=0.000000
2022-06-06 11:54:45,847 [INFO]  Epoch[1] Batch [0-30870]	Speed: 34337.16 samples/sec	cross-entropy=15.981681	age-accuracy=0.185158
2022-06-06 11:55:00,429 [INFO]  Epoch[1] Train-cross-entropy=16.001635
2022-06-06 11:55:00,431 [INFO]  Epoch[1] Train-age-accuracy=0.185947
2022-06-06 11:55:00,431 [INFO]  Epoch[1] Time cost=28.970
2022-06-06 11:55:00,434 [INFO]  Saved checkpoint to "imputer_model/model-0001.params"
2022-06-06 11:55:02,107 [INFO]  Epoch[1] Validation-cross-entropy=16.358197
2022-06-06 11:55:02,108 [INFO]  Epoch[1] Validation-age-accuracy=0.000000
2022-06-06 11:55:16,574 [INFO]  Epoch[2] Batch [0-30870]	Speed: 34148.26 samples/sec	cross-entropy=15.981682	age-accuracy=0.185158
2022-06-06 11:55:31,361 [INFO]  Epoch[2] Train-cross-entropy=16.001635
2022-06-06 11:55:31,364 [INFO]  Epoch[2] Train-age-accuracy=0.185947
2022-06-06 11:55:31,364 [INFO]  Epoch[2] Time cost=29.256
2022-06-06 11:55:31,369 [INFO]  Saved checkpoint to "imputer_model/model-0002.params"
2022-06-06 11:55:33,031 [INFO]  Epoch[2] Validation-cross-entropy=16.358197
2022-06-06 11:55:33,031 [INFO]  Epoch[2] Validation-age-accuracy=0.000000
2022-06-06 11:55:47,471 [INFO]  Epoch[3] Batch [0-30870]	Speed: 34208.94 samples/sec	cross-entropy=15.981682	age-accuracy=0.185158
2022-06-06 11:56:01,898 [INFO]  Epoch[3] Train-cross-entropy=16.001635
2022-06-06 11:56:01,899 [INFO]  Epoch[3] Train-age-accuracy=0.185947
2022-06-06 11:56:01,900 [INFO]  Epoch[3] Time cost=28.869
2022-06-06 11:56:01,903 [INFO]  Saved checkpoint to "imputer_model/model-0003.params"
2022-06-06 11:56:03,557 [INFO]  Epoch[3] Validation-cross-entropy=16.358197
2022-06-06 11:56:03,557 [INFO]  Epoch[3] Validation-age-accuracy=0.000000
2022-06-06 11:59:18,372 [INFO]  Epoch[4] Batch [0-30870]	Speed: 2535.41 samples/sec	cross-entropy=15.981682	age-accuracy=0.185158
2022-06-06 11:59:32,555 [INFO]  Epoch[4] Train-cross-entropy=16.001635
2022-06-06 11:59:32,562 [INFO]  Epoch[4] Train-age-accuracy=0.185947
2022-06-06 11:59:32,564 [INFO]  Epoch[4] Time cost=209.006
2022-06-06 11:59:32,580 [INFO]  Saved checkpoint to "imputer_model/model-0004.params"
2022-06-06 11:59:34,056 [INFO]  Epoch[4] Validation-cross-entropy=16.358197
2022-06-06 11:59:34,057 [INFO]  Epoch[4] Validation-age-accuracy=0.000000
2022-06-06 11:59:46,443 [INFO]  Epoch[5] Batch [0-30870]	Speed: 39882.60 samples/sec	cross-entropy=15.981682	age-accuracy=0.185158
2022-06-06 11:59:59,148 [INFO]  Epoch[5] Train-cross-entropy=16.001635
2022-06-06 11:59:59,151 [INFO]  Epoch[5] Train-age-accuracy=0.185947
2022-06-06 11:59:59,151 [INFO]  Epoch[5] Time cost=25.094
2022-06-06 11:59:59,154 [INFO]  Saved checkpoint to "imputer_model/model-0005.params"
2022-06-06 12:00:00,588 [INFO]  No improvement detected for 5 epochs compared to 16.358176357713425 last error obtained: 16.358196599805904, stopping here
2022-06-06 12:00:00,590 [INFO]  
========== done (360.5675070285797 s) fit model
2022-06-06 12:06:35,789 [INFO]  
========== start: fit model
2022-06-06 12:06:35,790 [WARNING]  Already bound, ignoring bind()
2022-06-06 12:06:50,295 [INFO]  Epoch[0] Batch [0-30870]	Speed: 34139.95 samples/sec	cross-entropy=16.003459	age-accuracy=0.185158
2022-06-06 12:07:04,735 [INFO]  Epoch[0] Train-cross-entropy=16.000980
2022-06-06 12:07:04,737 [INFO]  Epoch[0] Train-age-accuracy=0.185947
2022-06-06 12:07:04,737 [INFO]  Epoch[0] Time cost=28.945
2022-06-06 12:07:04,747 [INFO]  Saved checkpoint to "imputer_model/model-0000.params"
2022-06-06 12:07:06,430 [INFO]  Epoch[0] Validation-cross-entropy=16.358176
2022-06-06 12:07:06,431 [INFO]  Epoch[0] Validation-age-accuracy=0.000000
2022-06-06 12:07:21,069 [INFO]  Epoch[1] Batch [0-30870]	Speed: 33746.10 samples/sec	cross-entropy=15.981681	age-accuracy=0.185158
2022-06-06 12:07:36,538 [INFO]  Epoch[1] Train-cross-entropy=16.001635
2022-06-06 12:07:36,540 [INFO]  Epoch[1] Train-age-accuracy=0.185947
2022-06-06 12:07:36,540 [INFO]  Epoch[1] Time cost=30.109
2022-06-06 12:07:36,543 [INFO]  Saved checkpoint to "imputer_model/model-0001.params"
2022-06-06 12:07:38,234 [INFO]  Epoch[1] Validation-cross-entropy=16.358197
2022-06-06 12:07:38,234 [INFO]  Epoch[1] Validation-age-accuracy=0.000000
2022-06-06 12:07:53,400 [INFO]  Epoch[2] Batch [0-30870]	Speed: 32571.54 samples/sec	cross-entropy=15.981682	age-accuracy=0.185158
2022-06-06 12:08:08,264 [INFO]  Epoch[2] Train-cross-entropy=16.001635
2022-06-06 12:08:08,265 [INFO]  Epoch[2] Train-age-accuracy=0.185947
2022-06-06 12:08:08,266 [INFO]  Epoch[2] Time cost=30.031
2022-06-06 12:08:08,269 [INFO]  Saved checkpoint to "imputer_model/model-0002.params"
2022-06-06 12:08:09,982 [INFO]  Epoch[2] Validation-cross-entropy=16.358197
2022-06-06 12:08:09,983 [INFO]  Epoch[2] Validation-age-accuracy=0.000000
2022-06-06 12:08:25,167 [INFO]  Epoch[3] Batch [0-30870]	Speed: 32532.01 samples/sec	cross-entropy=15.981682	age-accuracy=0.185158
2022-06-06 12:08:39,847 [INFO]  Epoch[3] Train-cross-entropy=16.001635
2022-06-06 12:08:39,849 [INFO]  Epoch[3] Train-age-accuracy=0.185947
2022-06-06 12:08:39,849 [INFO]  Epoch[3] Time cost=29.866
2022-06-06 12:08:39,852 [INFO]  Saved checkpoint to "imputer_model/model-0003.params"
2022-06-06 12:08:41,551 [INFO]  Epoch[3] Validation-cross-entropy=16.358197
2022-06-06 12:08:41,551 [INFO]  Epoch[3] Validation-age-accuracy=0.000000
2022-06-06 12:08:56,273 [INFO]  Epoch[4] Batch [0-30870]	Speed: 33554.24 samples/sec	cross-entropy=15.981682	age-accuracy=0.185158
2022-06-06 12:09:10,926 [INFO]  Epoch[4] Train-cross-entropy=16.001635
2022-06-06 12:09:10,927 [INFO]  Epoch[4] Train-age-accuracy=0.185947
2022-06-06 12:09:10,927 [INFO]  Epoch[4] Time cost=29.375
2022-06-06 12:09:10,931 [INFO]  Saved checkpoint to "imputer_model/model-0004.params"
2022-06-06 12:09:12,632 [INFO]  Epoch[4] Validation-cross-entropy=16.358197
2022-06-06 12:09:12,633 [INFO]  Epoch[4] Validation-age-accuracy=0.000000
2022-06-06 12:09:27,650 [INFO]  Epoch[5] Batch [0-30870]	Speed: 32894.13 samples/sec	cross-entropy=15.981682	age-accuracy=0.185158
2022-06-06 12:09:42,290 [INFO]  Epoch[5] Train-cross-entropy=16.001635
2022-06-06 12:09:42,291 [INFO]  Epoch[5] Train-age-accuracy=0.185947
2022-06-06 12:09:42,291 [INFO]  Epoch[5] Time cost=29.657
2022-06-06 12:09:42,294 [INFO]  Saved checkpoint to "imputer_model/model-0005.params"
2022-06-06 12:09:44,003 [INFO]  No improvement detected for 5 epochs compared to 16.358176357713425 last error obtained: 16.358196599805904, stopping here
2022-06-06 12:09:44,006 [INFO]  
========== done (188.21687197685242 s) fit model
